C51 COMPILER V9.00   ADC                                                                   07/31/2015 00:57:57 PAGE 1   


C51 COMPILER V9.00, COMPILATION OF MODULE ADC
OBJECT MODULE PLACED IN ..\OUT\adc.obj
COMPILER INVOKED BY: C:\Keil\C51\BIN\C51.EXE ..\SRC\adc.c BROWSE INCDIR(..\INC;..\SRC) DEBUG OBJECTEXTEND PRINT(..\LISTI
                    -NG\adc.lst) OBJECT(..\OUT\adc.obj)

line level    source

   1          #include <stdio.h>
   2          #include <intrins.h>
   3          #include "main.h"
   4          #include "timeout.h"
   5          
   6          #include "adc.h"
   7          
   8          void ADC_Init(unsigned char CHANNEL)
   9          {
  10   1              P1ASF = CHANNEL;
  11   1              ADC_RES = 0;
  12   1              ADC_CONTR = ADC_POWER | ADC_SPEED_540;
  13   1              Delay_10us();           // ADC power on and delay
  14   1      }
  15          
  16          unsigned char ADC_Get_Result(unsigned char CHANNEL)
  17          {
  18   1              ADC_CONTR = ADC_POWER | ADC_SPEED_540 | ADC_START | CHANNEL;
  19   1              _nop_();        // Must wait before inquiry
  20   1              _nop_();
  21   1              _nop_();
  22   1              _nop_();
  23   1              while (!(ADC_CONTR & ADC_FLAG))
  24   1                      ;                       // Wait complete bit
  25   1              ADC_CONTR &= ~ADC_FLAG;
  26   1      
  27   1              return ADC_RES;
  28   1      }


MODULE INFORMATION:   STATIC OVERLAYABLE
   CODE SIZE        =     31    ----
   CONSTANT SIZE    =   ----    ----
   XDATA SIZE       =   ----    ----
   PDATA SIZE       =   ----    ----
   DATA SIZE        =   ----    ----
   IDATA SIZE       =   ----    ----
   BIT SIZE         =   ----    ----
END OF MODULE INFORMATION.


C51 COMPILATION COMPLETE.  0 WARNING(S),  0 ERROR(S)
