C51 COMPILER V9.00   MAIN                                                                  07/31/2015 00:57:56 PAGE 1   


C51 COMPILER V9.00, COMPILATION OF MODULE MAIN
OBJECT MODULE PLACED IN ..\OUT\main.obj
COMPILER INVOKED BY: C:\Keil\C51\BIN\C51.EXE ..\MAIN\main.c BROWSE INCDIR(..\INC;..\SRC) DEBUG OBJECTEXTEND PRINT(..\LIS
                    -TING\main.lst) OBJECT(..\OUT\main.obj)

line level    source

   1          #include "main.h"
   2          #include "timeout.h"
   3          #include "lcd12864.h"
   4          #include "hc_sr04.h"
   5          #include "pwm.h"
   6          #include "uart.h"
   7          #include "adc.h"
   8          #include "tm1650.h"
   9          
  10          // ------ Public variable declarations --------------------
  11          
  12          extern unsigned char code Digital_tube_coding[];
  13          
  14          void main()
  15          {
  16   1      //      TM1650_Write_Byte(0x48);
  17   1      //      TM1650_Write_Byte(0x01);
  18   1      //      TM1650_Send_CMD(0x48);
  19   1      //      TM1650_Send_CMD(0x01);
  20   1      //      TM1650_Display(0x48, 0x01);
  21   1              TM1650_Send(DEFAULT_SETTING, NORMAL_DISPLAY);
  22   1              TM1650_Send(FIRST_POSITON, Digital_tube_coding[0]);
  23   1              TM1650_Send(SECOND_POSITION, Digital_tube_coding[1]);
  24   1              TM1650_Send(THIRD_POSITION, Digital_tube_coding[2]);
  25   1              TM1650_Send(FOURTH_POSITON, Digital_tube_coding[3]);
  26   1              while (1)
  27   1                      ;
  28   1      }


MODULE INFORMATION:   STATIC OVERLAYABLE
   CODE SIZE        =     53    ----
   CONSTANT SIZE    =   ----    ----
   XDATA SIZE       =   ----    ----
   PDATA SIZE       =   ----    ----
   DATA SIZE        =   ----    ----
   IDATA SIZE       =   ----    ----
   BIT SIZE         =   ----    ----
END OF MODULE INFORMATION.


C51 COMPILATION COMPLETE.  0 WARNING(S),  0 ERROR(S)
