C51 COMPILER V9.00   TIMEOUT                                                               07/31/2015 00:57:56 PAGE 1   


C51 COMPILER V9.00, COMPILATION OF MODULE TIMEOUT
OBJECT MODULE PLACED IN ..\OUT\timeout.obj
COMPILER INVOKED BY: C:\Keil\C51\BIN\C51.EXE ..\SRC\timeout.c BROWSE INCDIR(..\INC;..\SRC) DEBUG OBJECTEXTEND PRINT(..\L
                    -ISTING\timeout.lst) OBJECT(..\OUT\timeout.obj)

line level    source

   1          #include "timeout.h"
   2          
   3          void Delay_10us(void)
   4          {
   5   1              // Configure Timer 0 as a 16-bit timer
   6   1              TMOD &= 0xF0;   // Clear all T0 bits (T1 left unchanged)
   7   1              TMOD |= 0x01;   // Set required T0 bits (T1 left unchanged)
   8   1              AUXR |= 0x80;   // Set T0x12 bit
   9   1      
  10   1              ET0 = 0;                // No interrupts
  11   1      
  12   1              // Simple timeout feature - approx 50us
  13   1              TH0 = T_10us_H;
  14   1              TL0 = T_10us_L;
  15   1              TF0 = 0;
  16   1              TR0 = 1;
  17   1      
  18   1              while (!TF0);
  19   1              TR0 = 0;
  20   1      }
  21          
  22          void Delay_50us(void)
  23          {
  24   1              // Configure Timer 0 as a 16-bit timer
  25   1              TMOD &= 0xF0;   // Clear all T0 bits (T1 left unchanged)
  26   1              TMOD |= 0x01;   // Set required T0 bits (T1 left unchanged)
  27   1              AUXR |= 0x80;   // Set T0x12 bit
  28   1      
  29   1              ET0 = 0;                // No interrupts
  30   1      
  31   1              // Simple timeout feature - approx 50us
  32   1              TH0 = T_50us_H;
  33   1              TL0 = T_50us_L;
  34   1              TF0 = 0;
  35   1              TR0 = 1;
  36   1      
  37   1              while (!TF0);
  38   1              TR0 = 0;
  39   1      }
  40          void Delay_500us(void)
  41          {
  42   1              // Configure Timer 0 as a 16-bit timer
  43   1              TMOD &= 0xF0;   // Clear all T0 bits (T1 left unchanged)
  44   1              TMOD |= 0x01;   // Set required T0 bits (T1 left unchanged)
  45   1              AUXR |= 0x80;   // Set T0x12 bit
  46   1      
  47   1              ET0 = 0;                // No interrupts
  48   1      
  49   1              // Simple timeout feature - approx 500us
  50   1              TH0 = T_500us_H;
  51   1              TL0 = T_500us_L;
  52   1              TF0 = 0;
  53   1              TR0 = 1;
  54   1      
C51 COMPILER V9.00   TIMEOUT                                                               07/31/2015 00:57:56 PAGE 2   

  55   1              while (!TF0);
  56   1              TR0 = 0;
  57   1      }
  58          void Delay_1ms(void)
  59          {
  60   1              // Configure Timer 0 as a 16-bit timer
  61   1              TMOD &= 0xF0;   // Clear all T0 bits (T1 left unchanged)
  62   1              TMOD |= 0x01;   // Set required T0 bits (T1 left unchanged)
  63   1              AUXR |= 0x80;   // Set T0x12 bit
  64   1      
  65   1              ET0 = 0;                // No interrupts
  66   1      
  67   1              // Simple timeout feature - approx 1ms
  68   1              TH0 = T_1ms_H;
  69   1              TL0 = T_1ms_L;
  70   1              TF0 = 0;
  71   1              TR0 = 1;
  72   1      
  73   1              while (!TF0);
  74   1              TR0 = 0;
  75   1      }
  76          void Delay_5ms(void)
  77          {
  78   1              // Configure Timer 0 as a 16-bit timer
  79   1              TMOD &= 0xF0;   // Clear all T0 bits (T1 left unchanged)
  80   1              TMOD |= 0x01;   // Set required T0 bits (T1 left unchanged)
  81   1              AUXR |= 0x80;   // Set T0x12 bit
  82   1      
  83   1              ET0 = 0;                // No interrupts
  84   1      
  85   1              // Simple timeout feature - approx 5ms
  86   1              TH0 = T_5ms_H;
  87   1              TL0 = T_5ms_L;
  88   1              TF0 = 0;
  89   1              TR0 = 1;
  90   1      
  91   1              while (!TF0);
  92   1              TR0 = 0;
  93   1      }
  94          void Delay_10ms(void)
  95          {
  96   1              // Configure Timer 0 as a 16-bit timer
  97   1              TMOD &= 0xF0;   // Clear all T0 bits (T1 left unchanged)
  98   1              TMOD |= 0x01;   // Set required T0 bits (T1 left unchanged)
  99   1              AUXR |= 0x80;   // Set T0x12 bit
 100   1      
 101   1              ET0 = 0;                // No interrupts
 102   1      
 103   1              // Simple timeout feature - approx 10ms
 104   1              TH0 = T_10ms_H;
 105   1              TL0 = T_10ms_L;
 106   1              TF0 = 0;
 107   1              TR0 = 1;
 108   1      
 109   1              while (!TF0);
 110   1              TR0 = 0;
 111   1      }
 112          void Delay_15ms(void)
 113          {
 114   1              // Configure Timer 0 as a 16-bit timer
 115   1              TMOD &= 0xF0;   // Clear all T0 bits (T1 left unchanged)
 116   1              TMOD |= 0x01;   // Set required T0 bits (T1 left unchanged)
C51 COMPILER V9.00   TIMEOUT                                                               07/31/2015 00:57:56 PAGE 3   

 117   1              AUXR |= 0x80;   // Set T0x12 bit
 118   1      
 119   1              ET0 = 0;                // No interrupts
 120   1      
 121   1              // Simple timeout feature - approx 15ms
 122   1              TH0 = T_15ms_H;
 123   1              TL0 = T_15ms_L;
 124   1              TF0 = 0;
 125   1              TR0 = 1;
 126   1      
 127   1              while (!TF0);
 128   1              TR0 = 0;
 129   1      }
 130          void Delay_20ms(void)
 131          {
 132   1              // Configure Timer 0 as a 16-bit timer
 133   1              TMOD &= 0xF0;   // Clear all T0 bits (T1 left unchanged)
 134   1              TMOD |= 0x01;   // Set required T0 bits (T1 left unchanged)
 135   1              AUXR |= 0x80;   // Set T0x12 bit
 136   1      
 137   1              ET0 = 0;                // No interrupts
 138   1      
 139   1              // Simple timeout feature - approx 20ms
 140   1              TH0 = T_20ms_H;
 141   1              TL0 = T_20ms_L;
 142   1              TF0 = 0;
 143   1              TR0 = 1;
 144   1      
 145   1              while (!TF0);
 146   1              TR0 = 0 ;
 147   1      }
 148          void Delay_50ms(void)
 149          {
 150   1              // Configure Timer 0 as a 16-bit timer
 151   1              TMOD &= 0xF0;   // Clear all T0 bits (T1 left unchanged)
 152   1              TMOD |= 0x01;   // Set required T0 bits (T1 left unchanged)
 153   1              AUXR |= 0x80;   // Set T0x12 bit
 154   1      
 155   1              ET0 = 0;                // No interrupts
 156   1      
 157   1              // Simple timeout feature - approx 50ms
 158   1              TH0 = T_50ms_H;
 159   1              TL0 = T_50ms_L;
 160   1              TF0 = 0;
 161   1              TR0 = 1;
 162   1      
 163   1              while (!TF0);
 164   1              TR0 = 0;
 165   1      }


MODULE INFORMATION:   STATIC OVERLAYABLE
   CODE SIZE        =    243    ----
   CONSTANT SIZE    =   ----    ----
   XDATA SIZE       =   ----    ----
   PDATA SIZE       =   ----    ----
   DATA SIZE        =   ----    ----
   IDATA SIZE       =   ----    ----
   BIT SIZE         =   ----    ----
END OF MODULE INFORMATION.


C51 COMPILATION COMPLETE.  0 WARNING(S),  0 ERROR(S)
