C51 COMPILER V9.00   TM1650                                                                07/31/2015 00:57:57 PAGE 1   


C51 COMPILER V9.00, COMPILATION OF MODULE TM1650
OBJECT MODULE PLACED IN ..\OUT\tm1650.obj
COMPILER INVOKED BY: C:\Keil\C51\BIN\C51.EXE ..\SRC\tm1650.c BROWSE INCDIR(..\INC;..\SRC) DEBUG OBJECTEXTEND PRINT(..\LI
                    -STING\tm1650.lst) OBJECT(..\OUT\tm1650.obj)

line level    source

   1          #include <intrins.h>
   2          #include "main.h"
   3          #include "timeout.h"
   4          #include "port.h"
   5          
   6          #include "tm1650.h"
   7          
   8          // ------ Public variable definitions ---------------------
   9          
  10          unsigned char code Digital_tube_coding[] = {
  11                  0x3F, 0x06, 0x5B, 0x4F,
  12                  0x66, 0x6D, 0x7D, 0x07,
  13                  0x7F, 0x6F, 0x77, 0x7C,
  14                  0x39, 0x5E, 0x79, 0x71,
  15          };
  16          
  17          // ------ Private function prototypes ---------------------
  18          
  19          static void TM1650_Start(void);
  20          static void TM1650_Stop(void);
  21          static void TM1650_Response(void);
  22          static void Delay_us(unsigned char TIME);
  23          void TM1650_Write_Byte(unsigned char DATA);
  24          
  25          void Delay_us(unsigned char TIME)
  26          {
  27   1              _nop_();        
  28   1      }
*** WARNING C280 IN LINE 25 OF ..\SRC\TM1650.C: 'TIME': unreferenced local variable
  29          
  30          
  31          /*---------------------------------------------------------------*-
  32           * TM1650_Start()
  33           * 
  34           * Send start condition 
  35          -*---------------------------------------------------------------*/
  36          void TM1650_Start(void)
  37          {
  38   1              SCL = 1;
  39   1              SDA = 1;
  40   1              Delay_us(1);
  41   1              SDA = 0;
  42   1              Delay_us(1);
  43   1      }
  44          
  45          /*---------------------------------------------------------------*-
  46           * TM1650_Stop();
  47           * 
  48           * Send stop condition
  49          -*---------------------------------------------------------------*/
  50          void TM1650_Stop(void)
  51          {
  52   1              SCL = 1;
  53   1              SDA = 0;
C51 COMPILER V9.00   TM1650                                                                07/31/2015 00:57:57 PAGE 2   

  54   1              Delay_us(1);
  55   1              SDA = 1;
  56   1              Delay_us(1);
  57   1      }
  58          
  59          
  60          /*---------------------------------------------------------------*-
  61           * TM1650_ACK()
  62           * 
  63           * Make sure the slave has received the data
  64          -*---------------------------------------------------------------*/
  65          void TM1650_ACK()
  66          {
  67   1      
  68   1              SCL = 1;
  69   1              SDA = 1;        // Sets SDA as input
  70   1              Delay_us(1);
  71   1              SCL = 0;
  72   1              Delay_us(1);
  73   1      }
  74          
  75          
  76          /*---------------------------------------------------------------*-
  77           * TM1650_Write_Byte()
  78           * 
  79           * Send one byte data to slave
  80          -*---------------------------------------------------------------*/
  81          void TM1650_Write_Byte(unsigned char DATA)
  82          {
  83   1              unsigned char i;
  84   1              Delay_us(1);
  85   1              SCL = 0;
  86   1              for (i = 0; i < 8; i++) {
  87   2                      if ((DATA & 0x80) == 0)
  88   2                              SDA = 0;
  89   2                      else
  90   2                              SDA = 1;
  91   2                      DATA <<= 1;
  92   2                      SCL = 0;
  93   2                      Delay_us(1);
  94   2                      SCL = 1;
  95   2                      Delay_us(1);
  96   2                      SCL = 0;
  97   2                      Delay_us(1);
  98   2              }
  99   1      }
 100          
 101          
 102          /*---------------------------------------------------------------*-
 103           * TM1650_Display()
 104           * 
 105           * Display the number on the specified postion or Send
 106           * initialization commands.
 107          -*---------------------------------------------------------------*/
 108          void TM1650_Send(unsigned char CMD, unsigned char DATA)
 109          {
 110   1              TM1650_Start();
 111   1              TM1650_Write_Byte(CMD);
 112   1              TM1650_ACK();
 113   1              TM1650_Write_Byte(DATA);
 114   1              TM1650_ACK();
 115   1              TM1650_Stop();
C51 COMPILER V9.00   TM1650                                                                07/31/2015 00:57:57 PAGE 3   

 116   1      }


MODULE INFORMATION:   STATIC OVERLAYABLE
   CODE SIZE        =    113    ----
   CONSTANT SIZE    =     16    ----
   XDATA SIZE       =   ----    ----
   PDATA SIZE       =   ----    ----
   DATA SIZE        =   ----       1
   IDATA SIZE       =   ----    ----
   BIT SIZE         =   ----    ----
END OF MODULE INFORMATION.


C51 COMPILATION COMPLETE.  1 WARNING(S),  0 ERROR(S)
